c:\users\tulio\source\repos\projetopp\projetopp\debug\vc141.pdb
c:\users\tulio\source\repos\projetopp\projetopp\debug\vc141.idb
c:\users\tulio\source\repos\projetopp\projetopp\debug\arquivo.obj
c:\users\tulio\source\repos\projetopp\projetopp\debug\arvore.obj
c:\users\tulio\source\repos\projetopp\projetopp\debug\cliente.obj
c:\users\tulio\source\repos\projetopp\projetopp\debug\principal.obj
c:\users\tulio\source\repos\projetopp\projetopp\debug\validacao.obj
c:\users\tulio\source\repos\projetopp\projetopp\debug\menucliente.obj
c:\users\tulio\source\repos\projetopp\projetopp\debug\medico.obj
c:\users\tulio\source\repos\projetopp\projetopp\debug\menuprincipal.obj
c:\users\tulio\source\repos\projetopp\debug\projetopp.exe
c:\users\tulio\source\repos\projetopp\debug\projetopp.ilk
c:\users\tulio\source\repos\projetopp\debug\projetopp.pdb
c:\users\tulio\source\repos\projetopp\projetopp\debug\arquivo.obj.enc
c:\users\tulio\source\repos\projetopp\projetopp\debug\medico.obj.enc
c:\users\tulio\source\repos\projetopp\projetopp\debug\projetopp.tlog\cl.command.1.tlog
c:\users\tulio\source\repos\projetopp\projetopp\debug\projetopp.tlog\cl.read.1.tlog
c:\users\tulio\source\repos\projetopp\projetopp\debug\projetopp.tlog\cl.write.1.tlog
c:\users\tulio\source\repos\projetopp\projetopp\debug\projetopp.tlog\link.command.1.tlog
c:\users\tulio\source\repos\projetopp\projetopp\debug\projetopp.tlog\link.read.1.tlog
c:\users\tulio\source\repos\projetopp\projetopp\debug\projetopp.tlog\link.write.1.tlog
